mktextfm pplr9e
mktextfm pplr9e
mktextfm pplb9e
mktextfm nullfont
mktextfm pplr9e
mktextfm pplri9e
mktextfm pplr9t
mktextfm pplr9t
mktextfm pplr9t
mktextfm zplmr7m
mktextfm zplmr7m
mktextfm zplmr7m
mktextfm zplmr7y
mktextfm zplmr7y
mktextfm zplmr7y
mktextfm zplmr7v
mktextfm zplmr7v
mktextfm zplmr7v
mktextfm zplmr7t
mktextfm zplmr7t
mktextfm zplmr7t
mktextfm pplb9e
mktextfm nullfont
mktextfm pplri9e
mktextfm pplr9e
mktextfm pplb9e
mktextfm nullfont
mktextfm pplr9t
mktextfm pplr9t
mktextfm zplmr7m
mktextfm zplmr7m
mktextfm zplmr7y
mktextfm zplmr7y
mktextfm zplmr7v
mktextfm zplmr7v
mktextfm zplmr7t
mktextfm zplmr7t
mktextfm pplr9e
mktextfm pplr9e
mktextfm pplr9t
mktextfm zplmr7m
mktextfm zplmr7y
mktextfm zplmr7v
mktextfm zplmr7t
mktextfm pplr9e
mktextfm pplb9e
mktextfm nullfont
mktextfm pplr9t
mktextfm pplr9t
mktextfm pplb9t
mktextfm nullfont
mktextfm pplr9t
mktextfm pplri9t
mktextfm pplr9t
mktextfm zplmr7m
mktextfm zplmr7m
mktextfm zplmr7m
mktextfm zplmr7y
mktextfm zplmr7y
mktextfm zplmr7y
mktextfm zplmr7v
mktextfm zplmr7v
mktextfm zplmr7v
mktextfm zplmr7t
mktextfm zplmr7t
mktextfm zplmr7t
mktextfm pplb9t
mktextfm nullfont
mktextfm pplri9t
mktextfm pplr9t
mktextfm pplb9t
mktextfm nullfont
mktextfm pplr9t
mktextfm pplr9t
mktextfm zplmr7m
mktextfm zplmr7m
mktextfm zplmr7y
mktextfm zplmr7y
mktextfm zplmr7v
mktextfm zplmr7v
mktextfm zplmr7t
mktextfm zplmr7t
mktextfm pplr9t
mktextfm zplmr7m
mktextfm zplmr7y
mktextfm zplmr7v
mktextfm zplmr7t
mktextfm pplb9t
mktextfm nullfont
